<?xml version="1.0" encoding="UTF-8"?>
<!-- Generated by org.testng.reporters.JUnitReportReporter -->
<testsuite hostname="DESKTOP-ILS99NN" failures="0" tests="1" name="smokeTesting.HomePageTestCases" time="3.890" errors="0" timestamp="2024-09-08T09:43:33 IST" skipped="0">
  <testcase classname="smokeTesting.HomePageTestCases" name="verifyHomePageNavigationLinks" time="3.890"/>
  <system-out/>
</testsuite> <!-- smokeTesting.HomePageTestCases -->
